0 info it worked if it ends with ok
1 verbose cli [ '/Users/xsh/.nvm/versions/node/v4.2.4/bin/node',
1 verbose cli   '/Users/xsh/.nvm/versions/node/v4.2.4/bin/npm',
1 verbose cli   'start' ]
2 info using npm@2.14.12
3 info using node@v4.2.4
4 verbose run-script [ 'prestart', 'start', 'poststart' ]
5 info prestart amazeui-touch@0.1.0-beta2
6 info start amazeui-touch@0.1.0-beta2
7 verbose unsafe-perm in lifecycle true
8 info amazeui-touch@0.1.0-beta2 Failed to exec start script
9 verbose stack Error: amazeui-touch@0.1.0-beta2 start: `gulp`
9 verbose stack Exit status 1
9 verbose stack     at EventEmitter.<anonymous> (/Users/xsh/.nvm/versions/node/v4.2.4/lib/node_modules/npm/lib/utils/lifecycle.js:214:16)
9 verbose stack     at emitTwo (events.js:87:13)
9 verbose stack     at EventEmitter.emit (events.js:172:7)
9 verbose stack     at ChildProcess.<anonymous> (/Users/xsh/.nvm/versions/node/v4.2.4/lib/node_modules/npm/lib/utils/spawn.js:24:14)
9 verbose stack     at emitTwo (events.js:87:13)
9 verbose stack     at ChildProcess.emit (events.js:172:7)
9 verbose stack     at maybeClose (internal/child_process.js:818:16)
9 verbose stack     at Process.ChildProcess._handle.onexit (internal/child_process.js:211:5)
10 verbose pkgid amazeui-touch@0.1.0-beta2
11 verbose cwd /Users/xsh/amazeui-touch
12 error Darwin 15.2.0
13 error argv "/Users/xsh/.nvm/versions/node/v4.2.4/bin/node" "/Users/xsh/.nvm/versions/node/v4.2.4/bin/npm" "start"
14 error node v4.2.4
15 error npm  v2.14.12
16 error code ELIFECYCLE
17 error amazeui-touch@0.1.0-beta2 start: `gulp`
17 error Exit status 1
18 error Failed at the amazeui-touch@0.1.0-beta2 start script 'gulp'.
18 error This is most likely a problem with the amazeui-touch package,
18 error not with npm itself.
18 error Tell the author that this fails on your system:
18 error     gulp
18 error You can get their info via:
18 error     npm owner ls amazeui-touch
18 error There is likely additional logging output above.
19 verbose exit [ 1, true ]
